<?xml version="1.0" encoding="UTF-8"?>
<testsuites name="Jest" tests="81" failures="0" errors="0" time="24.927">
  <testsuite name="Components/UnsupportedWarning" errors="0" failures="0" skipped="0" timestamp="2022-07-05T18:55:44" time="3.93" tests="3">
    <testcase classname="Components/UnsupportedWarning should render component" name="Components/UnsupportedWarning should render component" time="0.126">
    </testcase>
    <testcase classname="Components/UnsupportedWarning should render the resolution unsupported message" name="Components/UnsupportedWarning should render the resolution unsupported message" time="0.023">
    </testcase>
    <testcase classname="Components/UnsupportedWarning should render the browser unsupported message" name="Components/UnsupportedWarning should render the browser unsupported message" time="0.023">
    </testcase>
  </testsuite>
  <testsuite name="Components/ErrorBoundary" errors="0" failures="0" skipped="0" timestamp="2022-07-05T18:55:44" time="4.075" tests="4">
    <testcase classname="Components/ErrorBoundary when there is an error should render the ErrorBoundary" name="Components/ErrorBoundary when there is an error should render the ErrorBoundary" time="0.157">
    </testcase>
    <testcase classname="Components/ErrorBoundary when there is an error should render the error message" name="Components/ErrorBoundary when there is an error should render the error message" time="0.08">
    </testcase>
    <testcase classname="Components/ErrorBoundary when there is an error should render reload links" name="Components/ErrorBoundary when there is an error should render reload links" time="0.058">
    </testcase>
    <testcase classname="Components/ErrorBoundary when there are no errors should render the children" name="Components/ErrorBoundary when there are no errors should render the children" time="0.031">
    </testcase>
  </testsuite>
  <testsuite name="Components/LoadingIndicator" errors="0" failures="0" skipped="0" timestamp="2022-07-05T18:55:44" time="4.187" tests="4">
    <testcase classname="Components/LoadingIndicator should render component" name="Components/LoadingIndicator should render component" time="0.172">
    </testcase>
    <testcase classname="Components/LoadingIndicator should render the API loading message" name="Components/LoadingIndicator should render the API loading message" time="0.155">
    </testcase>
    <testcase classname="Components/LoadingIndicator should render the application loading message" name="Components/LoadingIndicator should render the application loading message" time="0.087">
    </testcase>
    <testcase classname="Components/LoadingIndicator should render with the full screen height" name="Components/LoadingIndicator should render with the full screen height" time="0.037">
    </testcase>
  </testsuite>
  <testsuite name="Components/Cart" errors="0" failures="0" skipped="0" timestamp="2022-07-05T18:55:43" time="4.239" tests="1">
    <testcase classname="Components/Cart should render component" name="Components/Cart should render component" time="0.295">
    </testcase>
  </testsuite>
  <testsuite name="Components/FilterChipsPanel" errors="0" failures="0" skipped="0" timestamp="2022-07-05T18:55:44" time="4.221" tests="3">
    <testcase classname="Components/FilterChipsPanel should render component" name="Components/FilterChipsPanel should render component" time="0.186">
    </testcase>
    <testcase classname="Components/FilterChipsPanel should show a chip for each filter applied" name="Components/FilterChipsPanel should show a chip for each filter applied" time="0.14">
    </testcase>
    <testcase classname="Components/FilterChipsPanel chip should be deleted when clicked" name="Components/FilterChipsPanel chip should be deleted when clicked" time="0.068">
    </testcase>
  </testsuite>
  <testsuite name="Containers/App" errors="0" failures="0" skipped="0" timestamp="2022-07-05T18:55:44" time="4.593" tests="6">
    <testcase classname="Containers/App with a download URL should render component" name="Containers/App with a download URL should render component" time="0.244">
    </testcase>
    <testcase classname="Containers/App with a download URL should render the add state" name="Containers/App with a download URL should render the add state" time="0.133">
    </testcase>
    <testcase classname="Containers/App with a download URL should render the remove state" name="Containers/App with a download URL should render the remove state" time="0.068">
    </testcase>
    <testcase classname="Containers/App without a download URL should render the unavailable state" name="Containers/App without a download URL should render the unavailable state" time="0.037">
    </testcase>
    <testcase classname="Containers/App without a download URL should render show additional information on mouse over" name="Containers/App without a download URL should render show additional information on mouse over" time="0.244">
    </testcase>
    <testcase classname="Containers/App should not render component for figure data" name="Containers/App should not render component for figure data" time="0.009">
    </testcase>
  </testsuite>
  <testsuite name="Components/NavButtons" errors="0" failures="0" skipped="0" timestamp="2022-07-05T18:55:44" time="4.879" tests="6">
    <testcase classname="Components/NavButtons should render component" name="Components/NavButtons should render component" time="0.225">
    </testcase>
    <testcase classname="Components/NavButtons should render the back button" name="Components/NavButtons should render the back button" time="0.125">
    </testcase>
    <testcase classname="Components/NavButtons should render the page content buttons" name="Components/NavButtons should render the page content buttons" time="0.227">
    </testcase>
    <testcase classname="Components/NavButtons should render the page navigation buttons" name="Components/NavButtons should render the page navigation buttons" time="0.08">
    </testcase>
    <testcase classname="Components/NavButtons should render the page content buttons after clicking the back button" name="Components/NavButtons should render the page content buttons after clicking the back button" time="0.127">
    </testcase>
    <testcase classname="Components/NavButtons should render the page navigation buttons after clicking the page button" name="Components/NavButtons should render the page navigation buttons after clicking the page button" time="0.307">
    </testcase>
  </testsuite>
  <testsuite name="Components/ResultDialog" errors="0" failures="0" skipped="0" timestamp="2022-07-05T18:55:44" time="5.153" tests="10">
    <testcase classname="Components/ResultDialog should render component" name="Components/ResultDialog should render component" time="0.492">
    </testcase>
    <testcase classname="Components/ResultDialog loading spinner should be present" name="Components/ResultDialog loading spinner should be present" time="0.162">
    </testcase>
    <testcase classname="Components/ResultDialog cart button should be present" name="Components/ResultDialog cart button should be present" time="0.101">
    </testcase>
    <testcase classname="Components/ResultDialog data fields should be present" name="Components/ResultDialog data fields should be present" time="0.094">
    </testcase>
    <testcase classname="Components/ResultDialog download button should not be present if there is no url" name="Components/ResultDialog download button should not be present if there is no url" time="0.079">
    </testcase>
    <testcase classname="Components/ResultDialog component should not be present when open is false" name="Components/ResultDialog component should not be present when open is false" time="0.014">
    </testcase>
    <testcase classname="Components/ResultDialog should show not applicable when finalDecisionURL is blank" name="Components/ResultDialog should show not applicable when finalDecisionURL is blank" time="0.06">
    </testcase>
    <testcase classname="Components/ResultDialog should show pending when finalDecisionURL is pending" name="Components/ResultDialog should show pending when finalDecisionURL is pending" time="0.058">
    </testcase>
    <testcase classname="Components/ResultDialog should stop rendering the loading spinner when the PDF is loaded" name="Components/ResultDialog should stop rendering the loading spinner when the PDF is loaded" time="0.131">
    </testcase>
    <testcase classname="Components/ResultDialog should render the PDF on the provided page" name="Components/ResultDialog should render the PDF on the provided page" time="0.09">
    </testcase>
  </testsuite>
  <testsuite name="Storyshots" errors="0" failures="0" skipped="0" timestamp="2022-07-05T18:55:43" time="9.079" tests="28">
    <testcase classname="Storyshots Documentation/Introduction To The Document" name="Storyshots Documentation/Introduction To The Document" time="0.019">
    </testcase>
    <testcase classname="Storyshots Documentation/Introduction Change Log" name="Storyshots Documentation/Introduction Change Log" time="0.002">
    </testcase>
    <testcase classname="Storyshots Documentation/Architecture High Level" name="Storyshots Documentation/Architecture High Level" time="0.002">
    </testcase>
    <testcase classname="Storyshots Documentation/Architecture Components" name="Storyshots Documentation/Architecture Components" time="0.002">
    </testcase>
    <testcase classname="Storyshots Documentation/Architecture Containers" name="Storyshots Documentation/Architecture Containers" time="0.001">
    </testcase>
    <testcase classname="Storyshots Documentation/Architecture Translations" name="Storyshots Documentation/Architecture Translations" time="0.002">
    </testcase>
    <testcase classname="Storyshots Documentation/Data Graph QL" name="Storyshots Documentation/Data Graph QL" time="0.001">
    </testcase>
    <testcase classname="Storyshots Documentation/Standards Git" name="Storyshots Documentation/Standards Git" time="0.002">
    </testcase>
    <testcase classname="Storyshots Documentation/Standards Code" name="Storyshots Documentation/Standards Code" time="0.003">
    </testcase>
    <testcase classname="Storyshots Documentation/Testing Process" name="Storyshots Documentation/Testing Process" time="0.001">
    </testcase>
    <testcase classname="Storyshots Documentation/Testing Documentation" name="Storyshots Documentation/Testing Documentation" time="0.002">
    </testcase>
    <testcase classname="Storyshots Components/AccuracyAlert Primary" name="Storyshots Components/AccuracyAlert Primary" time="0.06">
    </testcase>
    <testcase classname="Storyshots Components/NavButtons/BackButton Primary" name="Storyshots Components/NavButtons/BackButton Primary" time="0.022">
    </testcase>
    <testcase classname="Storyshots Components/Cart Primary" name="Storyshots Components/Cart Primary" time="0.074">
    </testcase>
    <testcase classname="Storyshots Components/CartButton Primary" name="Storyshots Components/CartButton Primary" time="0.019">
    </testcase>
    <testcase classname="Storyshots Components/CartButton Unavailable" name="Storyshots Components/CartButton Unavailable" time="0.023">
    </testcase>
    <testcase classname="Storyshots Components/ErrorBoundary Primary" name="Storyshots Components/ErrorBoundary Primary" time="0.006">
    </testcase>
    <testcase classname="Storyshots Components/FilterChipsPanel Primary" name="Storyshots Components/FilterChipsPanel Primary" time="0.006">
    </testcase>
    <testcase classname="Storyshots Components/IconCheckbox Primary" name="Storyshots Components/IconCheckbox Primary" time="0.012">
    </testcase>
    <testcase classname="Storyshots Components/ListPanel Primary" name="Storyshots Components/ListPanel Primary" time="0.005">
    </testcase>
    <testcase classname="Storyshots Components/LoadingIndicator Primary" name="Storyshots Components/LoadingIndicator Primary" time="0.013">
    </testcase>
    <testcase classname="Storyshots Components/NavButtons/FullButtons Primary" name="Storyshots Components/NavButtons/FullButtons Primary" time="0.032">
    </testcase>
    <testcase classname="Storyshots Components/NavButtons/SmallButtons Primary" name="Storyshots Components/NavButtons/SmallButtons Primary" time="0.022">
    </testcase>
    <testcase classname="Storyshots Components/NavButtons Primary" name="Storyshots Components/NavButtons Primary" time="0.006">
    </testcase>
    <testcase classname="Storyshots Components/ResultDialog Primary" name="Storyshots Components/ResultDialog Primary" time="0.011">
    </testcase>
    <testcase classname="Storyshots Components/UnsupportedWarning Primary" name="Storyshots Components/UnsupportedWarning Primary" time="0.006">
    </testcase>
    <testcase classname="Storyshots Containers/App Primary" name="Storyshots Containers/App Primary" time="0.026">
    </testcase>
    <testcase classname="Storyshots Containers/App Within WET" name="Storyshots Containers/App Within WET" time="0.016">
    </testcase>
  </testsuite>
  <testsuite name="Components/ListPanel" errors="0" failures="0" skipped="0" timestamp="2022-07-05T18:55:43" time="12.954" tests="6">
    <testcase classname="Components/ListPanel should render component" name="Components/ListPanel should render component" time="0.171">
    </testcase>
    <testcase classname="Components/ListPanel should show list cards" name="Components/ListPanel should show list cards" time="2.94">
    </testcase>
    <testcase classname="Components/ListPanel should render a see more button for long titles" name="Components/ListPanel should render a see more button for long titles" time="0.294">
    </testcase>
    <testcase classname="Components/ListPanel should open and close a dialog when clicked" name="Components/ListPanel should open and close a dialog when clicked" time="1.124">
    </testcase>
    <testcase classname="Components/ListPanel should display more information when viewMore button is clicked" name="Components/ListPanel should display more information when viewMore button is clicked" time="0.501">
    </testcase>
    <testcase classname="Components/ListPanel should expand and collapse all when expandAll button is clicked" name="Components/ListPanel should expand and collapse all when expandAll button is clicked" time="0.455">
    </testcase>
  </testsuite>
  <testsuite name="Containers/App" errors="0" failures="0" skipped="0" timestamp="2022-07-05T18:55:43" time="21.718" tests="10">
    <testcase classname="Containers/App should render component" name="Containers/App should render component" time="0.45">
    </testcase>
    <testcase classname="Containers/App should render the legal disclaimer" name="Containers/App should render the legal disclaimer" time="1.847">
    </testcase>
    <testcase classname="Containers/App should set the cart state from the URL parameter" name="Containers/App should set the cart state from the URL parameter" time="0">
    </testcase>
    <testcase classname="Containers/App should push the state to the history" name="Containers/App should push the state to the history" time="4.079">
    </testcase>
    <testcase classname="Containers/App should push the state to the history ignoring bad config values" name="Containers/App should push the state to the history ignoring bad config values" time="0.22">
    </testcase>
    <testcase classname="Containers/App should set the state ignoring bad URL parameters" name="Containers/App should set the state ignoring bad URL parameters" time="1.469">
    </testcase>
    <testcase classname="Containers/App should set the state from the history on back events" name="Containers/App should set the state from the history on back events" time="0.669">
    </testcase>
    <testcase classname="Containers/App should save the cart IDs to local storage" name="Containers/App should save the cart IDs to local storage" time="1.498">
    </testcase>
    <testcase classname="Containers/App should remove the cart IDs from local storage" name="Containers/App should remove the cart IDs from local storage" time="1.411">
    </testcase>
    <testcase classname="Containers/App should read the cart IDs from local storage" name="Containers/App should read the cart IDs from local storage" time="0.593">
    </testcase>
    <testcase classname="Containers/App should render the methods page when the data unavailable link is clicked" name="Containers/App should render the methods page when the data unavailable link is clicked" time="0.958">
    </testcase>
  </testsuite>
</testsuites>